<?xml version="1.0" encoding="UTF-8"?>
<testng-results ignored="0" total="1" passed="1" failed="0" skipped="0">
  <reporter-output>
  </reporter-output>
  <suite started-at="2023-02-10T11:49:05 IST" name="Default suite" finished-at="2023-02-10T11:49:25 IST" duration-ms="19894">
    <groups>
    </groups>
    <test started-at="2023-02-10T11:49:05 IST" name="Default test" finished-at="2023-02-10T11:49:25 IST" duration-ms="19894">
      <class name="Test.LoginTest">
        <test-method signature="Login()[pri:0, instance:Test.LoginTest@15bbf42f]" started-at="2023-02-10T11:49:05 IST" name="Login" finished-at="2023-02-10T11:49:25 IST" duration-ms="19834" status="PASS">
          <reporter-output>
          </reporter-output>
        </test-method> <!-- Login -->
      </class> <!-- Test.LoginTest -->
    </test> <!-- Default test -->
  </suite> <!-- Default suite -->
</testng-results>
